
<List>
    <item>
        <telephoneNumber>+37555276372</telephoneNumber>
        <balance>61.85</balance>
        <tariff>
            <id>6</id>
            <title>tariff_9490</title>
        </tariff>
        <id>1</id>
    </item>
    <item>
        <telephoneNumber>+375681886516</telephoneNumber>
        <balance>45.49</balance>
        <tariff>
            <id>12</id>
            <title>tariff_6251</title>
        </tariff>
        <id>2</id>
    </item>
    <item>
        <telephoneNumber>+375877325869</telephoneNumber>
        <balance>42.88</balance>
        <tariff>
            <id>3</id>
            <title>tariff_3799</title>
        </tariff>
        <id>3</id>
    </item>
    <item>
        <telephoneNumber>+375825037495</telephoneNumber>
        <balance>2.67</balance>
        <tariff>
            <id>1</id>
            <title>tariff_8669</title>
        </tariff>
        <id>4</id>
    </item>
    <item>
        <telephoneNumber>+375283354780</telephoneNumber>
        <balance>37.24</balance>
        <tariff>
            <id>15</id>
            <title>tariff_366</title>
        </tariff>
        <id>5</id>
    </item>
    <item>
        <telephoneNumber>+3754673917</telephoneNumber>
        <balance>11.10</balance>
        <tariff>
            <id>5</id>
            <title>tariff_4165</title>
        </tariff>
        <id>6</id>
    </item>
    <item>
        <telephoneNumber>+375168313478</telephoneNumber>
        <balance>35.68</balance>
        <tariff>
            <id>4</id>
            <title>tariff_7112</title>
        </tariff>
        <id>7</id>
    </item>
    <item>
        <telephoneNumber>+375948987847</telephoneNumber>
        <balance>50.72</balance>
        <tariff>
            <id>1</id>
            <title>tariff_8669</title>
        </tariff>
        <id>8</id>
    </item>
    <item>
        <telephoneNumber>+375363093753</telephoneNumber>
        <balance>65.22</balance>
        <tariff>
            <id>7</id>
            <title>tariff_4955</title>
        </tariff>
        <id>9</id>
    </item>
    <item>
        <telephoneNumber>+375856098229</telephoneNumber>
        <balance>92.88</balance>
        <tariff>
            <id>3</id>
            <title>tariff_3799</title>
        </tariff>
        <id>10</id>
    </item>
    <item>
        <telephoneNumber>+375377929764</telephoneNumber>
        <balance>9.21</balance>
        <tariff>
            <id>5</id>
            <title>tariff_4165</title>
        </tariff>
        <id>11</id>
    </item>
    <item>
        <telephoneNumber>+375351647753</telephoneNumber>
        <balance>41.52</balance>
        <tariff>
            <id>3</id>
            <title>tariff_3799</title>
        </tariff>
        <id>12</id>
    </item>
    <item>
        <telephoneNumber>+375617397142</telephoneNumber>
        <balance>30.17</balance>
        <tariff>
            <id>16</id>
            <title>tariff_3456</title>
        </tariff>
        <id>13</id>
    </item>
    <item>
        <telephoneNumber>+375370525610</telephoneNumber>
        <balance>27.51</balance>
        <tariff>
            <id>2</id>
            <title>tariff_3961</title>
        </tariff>
        <id>14</id>
    </item>
    <item>
        <telephoneNumber>+375978195133</telephoneNumber>
        <balance>50.82</balance>
        <tariff>
            <id>14</id>
            <title>tariff_9458</title>
        </tariff>
        <id>15</id>
    </item>
    <item>
        <telephoneNumber>+375567756644</telephoneNumber>
        <balance>94.21</balance>
        <tariff>
            <id>1</id>
            <title>tariff_8669</title>
        </tariff>
        <id>16</id>
    </item>
    <item>
        <telephoneNumber>+375866881791</telephoneNumber>
        <balance>85.18</balance>
        <tariff>
            <id>7</id>
            <title>tariff_4955</title>
        </tariff>
        <id>17</id>
    </item>
    <item>
        <telephoneNumber>+375299405982</telephoneNumber>
        <balance>36.86</balance>
        <tariff>
            <id>2</id>
            <title>tariff_3961</title>
        </tariff>
        <id>18</id>
    </item>
    <item>
        <telephoneNumber>+375537467573</telephoneNumber>
        <balance>52.73</balance>
        <tariff>
            <id>1</id>
            <title>tariff_8669</title>
        </tariff>
        <id>19</id>
    </item>
    <item>
        <telephoneNumber>+375230558865</telephoneNumber>
        <balance>46.28</balance>
        <tariff>
            <id>16</id>
            <title>tariff_3456</title>
        </tariff>
        <id>20</id>
    </item>
    <item>
        <telephoneNumber>+375153798511</telephoneNumber>
        <balance>25.20</balance>
        <tariff>
            <id>1</id>
            <title>tariff_8669</title>
        </tariff>
        <id>21</id>
    </item>
    <item>
        <telephoneNumber>+375902861915</telephoneNumber>
        <balance>93.52</balance>
        <tariff>
            <id>3</id>
            <title>tariff_3799</title>
        </tariff>
        <id>22</id>
    </item>
    <item>
        <telephoneNumber>+37539548711</telephoneNumber>
        <balance>85.44</balance>
        <tariff>
            <id>13</id>
            <title>tariff_5642</title>
        </tariff>
        <id>23</id>
    </item>
    <item>
        <telephoneNumber>+375147026855</telephoneNumber>
        <balance>21.55</balance>
        <tariff>
            <id>2</id>
            <title>tariff_3961</title>
        </tariff>
        <id>24</id>
    </item>
    <item>
        <telephoneNumber>+37511437719</telephoneNumber>
        <balance>8.91</balance>
        <tariff>
            <id>12</id>
            <title>tariff_6251</title>
        </tariff>
        <id>25</id>
    </item>
    <item>
        <telephoneNumber>+375773462370</telephoneNumber>
        <balance>41.55</balance>
        <tariff>
            <id>15</id>
            <title>tariff_366</title>
        </tariff>
        <id>26</id>
    </item>
    <item>
        <telephoneNumber>+37513130084</telephoneNumber>
        <balance>83.67</balance>
        <tariff>
            <id>3</id>
            <title>tariff_3799</title>
        </tariff>
        <id>27</id>
    </item>
    <item>
        <telephoneNumber>+375287476565</telephoneNumber>
        <balance>91.93</balance>
        <tariff>
            <id>5</id>
            <title>tariff_4165</title>
        </tariff>
        <id>28</id>
    </item>
    <item>
        <telephoneNumber>+375662606462</telephoneNumber>
        <balance>51.21</balance>
        <tariff>
            <id>6</id>
            <title>tariff_9490</title>
        </tariff>
        <id>29</id>
    </item>
    <item>
        <telephoneNumber>+375113398400</telephoneNumber>
        <balance>18.31</balance>
        <tariff>
            <id>1</id>
            <title>tariff_8669</title>
        </tariff>
        <id>30</id>
    </item>
    <item>
        <telephoneNumber>+375505045072</telephoneNumber>
        <balance>1.24</balance>
        <tariff>
            <id>10</id>
            <title>tariff_4367</title>
        </tariff>
        <id>31</id>
    </item>
    <item>
        <telephoneNumber>+375679490951</telephoneNumber>
        <balance>34.13</balance>
        <tariff>
            <id>3</id>
            <title>tariff_3799</title>
        </tariff>
        <id>32</id>
    </item>
    <item>
        <telephoneNumber>+375409372101</telephoneNumber>
        <balance>9.51</balance>
        <tariff>
            <id>12</id>
            <title>tariff_6251</title>
        </tariff>
        <id>33</id>
    </item>
    <item>
        <telephoneNumber>+375110377260</telephoneNumber>
        <balance>25.09</balance>
        <tariff>
            <id>16</id>
            <title>tariff_3456</title>
        </tariff>
        <id>34</id>
    </item>
    <item>
        <telephoneNumber>+375438219067</telephoneNumber>
        <balance>92.84</balance>
        <tariff>
            <id>5</id>
            <title>tariff_4165</title>
        </tariff>
        <id>35</id>
    </item>
    <item>
        <telephoneNumber>+375988235874</telephoneNumber>
        <balance>37.83</balance>
        <tariff>
            <id>11</id>
            <title>tariff_1870</title>
        </tariff>
        <id>36</id>
    </item>
    <item>
        <telephoneNumber>+375922859376</telephoneNumber>
        <balance>6.60</balance>
        <tariff>
            <id>7</id>
            <title>tariff_4955</title>
        </tariff>
        <id>37</id>
    </item>
    <item>
        <telephoneNumber>+375456096954</telephoneNumber>
        <balance>23.05</balance>
        <tariff>
            <id>14</id>
            <title>tariff_9458</title>
        </tariff>
        <id>38</id>
    </item>
    <item>
        <telephoneNumber>+375324381347</telephoneNumber>
        <balance>84.70</balance>
        <tariff>
            <id>15</id>
            <title>tariff_366</title>
        </tariff>
        <id>39</id>
    </item>
    <item>
        <telephoneNumber>+37581465344</telephoneNumber>
        <balance>2.01</balance>
        <tariff>
            <id>15</id>
            <title>tariff_366</title>
        </tariff>
        <id>40</id>
    </item>
    <item>
        <telephoneNumber>+375764192212</telephoneNumber>
        <balance>71.85</balance>
        <tariff>
            <id>2</id>
            <title>tariff_3961</title>
        </tariff>
        <id>41</id>
    </item>
    <item>
        <telephoneNumber>+375301026305</telephoneNumber>
        <balance>41.40</balance>
        <tariff>
            <id>16</id>
            <title>tariff_3456</title>
        </tariff>
        <id>42</id>
    </item>
    <item>
        <telephoneNumber>+375495553698</telephoneNumber>
        <balance>91.96</balance>
        <tariff>
            <id>2</id>
            <title>tariff_3961</title>
        </tariff>
        <id>43</id>
    </item>
    <item>
        <telephoneNumber>+375808240789</telephoneNumber>
        <balance>9.04</balance>
        <tariff>
            <id>14</id>
            <title>tariff_9458</title>
        </tariff>
        <id>44</id>
    </item>
    <item>
        <telephoneNumber>+375455674455</telephoneNumber>
        <balance>50.53</balance>
        <tariff>
            <id>15</id>
            <title>tariff_366</title>
        </tariff>
        <id>45</id>
    </item>
    <item>
        <telephoneNumber>+37547816118</telephoneNumber>
        <balance>2.01</balance>
        <tariff>
            <id>10</id>
            <title>tariff_4367</title>
        </tariff>
        <id>46</id>
    </item>
    <item>
        <telephoneNumber>+375817939045</telephoneNumber>
        <balance>38.31</balance>
        <tariff>
            <id>14</id>
            <title>tariff_9458</title>
        </tariff>
        <id>47</id>
    </item>
    <item>
        <telephoneNumber>+375534770444</telephoneNumber>
        <balance>49.03</balance>
        <tariff>
            <id>9</id>
            <title>tariff_6656</title>
        </tariff>
        <id>48</id>
    </item>
    <item>
        <telephoneNumber>+375842521097</telephoneNumber>
        <balance>79.93</balance>
        <tariff>
            <id>11</id>
            <title>tariff_1870</title>
        </tariff>
        <id>49</id>
    </item>
    <item>
        <telephoneNumber>+375673836067</telephoneNumber>
        <balance>17.54</balance>
        <tariff>
            <id>13</id>
            <title>tariff_5642</title>
        </tariff>
        <id>50</id>
    </item>
    <item>
        <telephoneNumber>+375533180372</telephoneNumber>
        <balance>51.11</balance>
        <tariff>
            <id>6</id>
            <title>tariff_9490</title>
        </tariff>
        <id>51</id>
    </item>
    <item>
        <telephoneNumber>+375623593673</telephoneNumber>
        <balance>33.91</balance>
        <tariff>
            <id>14</id>
            <title>tariff_9458</title>
        </tariff>
        <id>52</id>
    </item>
    <item>
        <telephoneNumber>+375259628286</telephoneNumber>
        <balance>37.26</balance>
        <tariff>
            <id>13</id>
            <title>tariff_5642</title>
        </tariff>
        <id>53</id>
    </item>
    <item>
        <telephoneNumber>+375352040521</telephoneNumber>
        <balance>72.64</balance>
        <tariff>
            <id>8</id>
            <title>tariff_6304</title>
        </tariff>
        <id>54</id>
    </item>
    <item>
        <telephoneNumber>+375591004775</telephoneNumber>
        <balance>51.65</balance>
        <tariff>
            <id>3</id>
            <title>tariff_3799</title>
        </tariff>
        <id>55</id>
    </item>
    <item>
        <telephoneNumber>+375192784478</telephoneNumber>
        <balance>67.22</balance>
        <tariff>
            <id>12</id>
            <title>tariff_6251</title>
        </tariff>
        <id>56</id>
    </item>
    <item>
        <telephoneNumber>+375335526973</telephoneNumber>
        <balance>86.62</balance>
        <tariff>
            <id>8</id>
            <title>tariff_6304</title>
        </tariff>
        <id>57</id>
    </item>
    <item>
        <telephoneNumber>+375164865825</telephoneNumber>
        <balance>91.58</balance>
        <tariff>
            <id>1</id>
            <title>tariff_8669</title>
        </tariff>
        <id>58</id>
    </item>
    <item>
        <telephoneNumber>+375894437415</telephoneNumber>
        <balance>10.97</balance>
        <tariff>
            <id>2</id>
            <title>tariff_3961</title>
        </tariff>
        <id>59</id>
    </item>
    <item>
        <telephoneNumber>+375670886835</telephoneNumber>
        <balance>50.98</balance>
        <tariff>
            <id>10</id>
            <title>tariff_4367</title>
        </tariff>
        <id>60</id>
    </item>
    <item>
        <telephoneNumber>+375485856306</telephoneNumber>
        <balance>72.38</balance>
        <tariff>
            <id>5</id>
            <title>tariff_4165</title>
        </tariff>
        <id>61</id>
    </item>
    <item>
        <telephoneNumber>+375546995073</telephoneNumber>
        <balance>51.05</balance>
        <tariff>
            <id>9</id>
            <title>tariff_6656</title>
        </tariff>
        <id>62</id>
    </item>
    <item>
        <telephoneNumber>+375459490870</telephoneNumber>
        <balance>56.86</balance>
        <tariff>
            <id>5</id>
            <title>tariff_4165</title>
        </tariff>
        <id>63</id>
    </item>
    <item>
        <telephoneNumber>+375516287174</telephoneNumber>
        <balance>11.07</balance>
        <tariff>
            <id>16</id>
            <title>tariff_3456</title>
        </tariff>
        <id>64</id>
    </item>
    <item>
        <telephoneNumber>+375611975601</telephoneNumber>
        <balance>13.74</balance>
        <tariff>
            <id>6</id>
            <title>tariff_9490</title>
        </tariff>
        <id>65</id>
    </item>
    <item>
        <telephoneNumber>+375375316881</telephoneNumber>
        <balance>14.01</balance>
        <tariff>
            <id>2</id>
            <title>tariff_3961</title>
        </tariff>
        <id>66</id>
    </item>
    <item>
        <telephoneNumber>+375369402242</telephoneNumber>
        <balance>16.69</balance>
        <tariff>
            <id>11</id>
            <title>tariff_1870</title>
        </tariff>
        <id>67</id>
    </item>
    <item>
        <telephoneNumber>+375792903465</telephoneNumber>
        <balance>41.44</balance>
        <tariff>
            <id>11</id>
            <title>tariff_1870</title>
        </tariff>
        <id>68</id>
    </item>
    <item>
        <telephoneNumber>+375502411394</telephoneNumber>
        <balance>8.68</balance>
        <tariff>
            <id>3</id>
            <title>tariff_3799</title>
        </tariff>
        <id>69</id>
    </item>
    <item>
        <telephoneNumber>+375362669252</telephoneNumber>
        <balance>30.67</balance>
        <tariff>
            <id>7</id>
            <title>tariff_4955</title>
        </tariff>
        <id>70</id>
    </item>
    <item>
        <telephoneNumber>+375527279973</telephoneNumber>
        <balance>57.52</balance>
        <tariff>
            <id>3</id>
            <title>tariff_3799</title>
        </tariff>
        <id>71</id>
    </item>
    <item>
        <telephoneNumber>+375986026789</telephoneNumber>
        <balance>51.70</balance>
        <tariff>
            <id>7</id>
            <title>tariff_4955</title>
        </tariff>
        <id>72</id>
    </item>
    <item>
        <telephoneNumber>+375377025616</telephoneNumber>
        <balance>27.56</balance>
        <tariff>
            <id>7</id>
            <title>tariff_4955</title>
        </tariff>
        <id>73</id>
    </item>
    <item>
        <telephoneNumber>+375121459536</telephoneNumber>
        <balance>37.57</balance>
        <tariff>
            <id>2</id>
            <title>tariff_3961</title>
        </tariff>
        <id>74</id>
    </item>
    <item>
        <telephoneNumber>+375210023965</telephoneNumber>
        <balance>13.83</balance>
        <tariff>
            <id>6</id>
            <title>tariff_9490</title>
        </tariff>
        <id>75</id>
    </item>
    <item>
        <telephoneNumber>+375772192487</telephoneNumber>
        <balance>59.26</balance>
        <tariff>
            <id>8</id>
            <title>tariff_6304</title>
        </tariff>
        <id>76</id>
    </item>
    <item>
        <telephoneNumber>+375400457637</telephoneNumber>
        <balance>67.58</balance>
        <tariff>
            <id>11</id>
            <title>tariff_1870</title>
        </tariff>
        <id>77</id>
    </item>
    <item>
        <telephoneNumber>+375848629342</telephoneNumber>
        <balance>28.66</balance>
        <tariff>
            <id>13</id>
            <title>tariff_5642</title>
        </tariff>
        <id>78</id>
    </item>
    <item>
        <telephoneNumber>+375617187452</telephoneNumber>
        <balance>48.26</balance>
        <tariff>
            <id>15</id>
            <title>tariff_366</title>
        </tariff>
        <id>79</id>
    </item>
    <item>
        <telephoneNumber>+37528085059</telephoneNumber>
        <balance>11.37</balance>
        <tariff>
            <id>4</id>
            <title>tariff_7112</title>
        </tariff>
        <id>80</id>
    </item>
    <item>
        <telephoneNumber>+375605592589</telephoneNumber>
        <balance>7.06</balance>
        <tariff>
            <id>13</id>
            <title>tariff_5642</title>
        </tariff>
        <id>81</id>
    </item>
    <item>
        <telephoneNumber>+375605770495</telephoneNumber>
        <balance>98.09</balance>
        <tariff>
            <id>16</id>
            <title>tariff_3456</title>
        </tariff>
        <id>82</id>
    </item>
    <item>
        <telephoneNumber>+37599109501</telephoneNumber>
        <balance>62.93</balance>
        <tariff>
            <id>14</id>
            <title>tariff_9458</title>
        </tariff>
        <id>83</id>
    </item>
    <item>
        <telephoneNumber>+375946743743</telephoneNumber>
        <balance>80.50</balance>
        <tariff>
            <id>10</id>
            <title>tariff_4367</title>
        </tariff>
        <id>84</id>
    </item>
    <item>
        <telephoneNumber>+375486314486</telephoneNumber>
        <balance>0.97</balance>
        <tariff>
            <id>11</id>
            <title>tariff_1870</title>
        </tariff>
        <id>85</id>
    </item>
    <item>
        <telephoneNumber>+375174912156</telephoneNumber>
        <balance>42.29</balance>
        <tariff>
            <id>4</id>
            <title>tariff_7112</title>
        </tariff>
        <id>86</id>
    </item>
    <item>
        <telephoneNumber>+375815565240</telephoneNumber>
        <balance>57.19</balance>
        <tariff>
            <id>10</id>
            <title>tariff_4367</title>
        </tariff>
        <id>87</id>
    </item>
    <item>
        <telephoneNumber>+375774462817</telephoneNumber>
        <balance>46.48</balance>
        <tariff>
            <id>11</id>
            <title>tariff_1870</title>
        </tariff>
        <id>88</id>
    </item>
    <item>
        <telephoneNumber>+375830564941</telephoneNumber>
        <balance>47.28</balance>
        <tariff>
            <id>13</id>
            <title>tariff_5642</title>
        </tariff>
        <id>89</id>
    </item>
    <item>
        <telephoneNumber>+375846385506</telephoneNumber>
        <balance>49.36</balance>
        <tariff>
            <id>12</id>
            <title>tariff_6251</title>
        </tariff>
        <id>90</id>
    </item>
    <item>
        <telephoneNumber>+375458068604</telephoneNumber>
        <balance>45.89</balance>
        <tariff>
            <id>16</id>
            <title>tariff_3456</title>
        </tariff>
        <id>91</id>
    </item>
    <item>
        <telephoneNumber>+37526709438</telephoneNumber>
        <balance>1.84</balance>
        <tariff>
            <id>1</id>
            <title>tariff_8669</title>
        </tariff>
        <id>92</id>
    </item>
    <item>
        <telephoneNumber>+375515171844</telephoneNumber>
        <balance>2.93</balance>
        <tariff>
            <id>3</id>
            <title>tariff_3799</title>
        </tariff>
        <id>93</id>
    </item>
    <item>
        <telephoneNumber>+375722574872</telephoneNumber>
        <balance>55.69</balance>
        <tariff>
            <id>15</id>
            <title>tariff_366</title>
        </tariff>
        <id>94</id>
    </item>
    <item>
        <telephoneNumber>+375886187267</telephoneNumber>
        <balance>85.19</balance>
        <tariff>
            <id>14</id>
            <title>tariff_9458</title>
        </tariff>
        <id>95</id>
    </item>
    <item>
        <telephoneNumber>+375349043856</telephoneNumber>
        <balance>16.43</balance>
        <tariff>
            <id>14</id>
            <title>tariff_9458</title>
        </tariff>
        <id>96</id>
    </item>
    <item>
        <telephoneNumber>+37566643507</telephoneNumber>
        <balance>5.58</balance>
        <tariff>
            <id>16</id>
            <title>tariff_3456</title>
        </tariff>
        <id>97</id>
    </item>
    <item>
        <telephoneNumber>+375955789602</telephoneNumber>
        <balance>28.84</balance>
        <tariff>
            <id>9</id>
            <title>tariff_6656</title>
        </tariff>
        <id>98</id>
    </item>
    <item>
        <telephoneNumber>+375714796248</telephoneNumber>
        <balance>85.58</balance>
        <tariff>
            <id>1</id>
            <title>tariff_8669</title>
        </tariff>
        <id>99</id>
    </item>
    <item>
        <telephoneNumber>+375406105573</telephoneNumber>
        <balance>27.40</balance>
        <tariff>
            <id>4</id>
            <title>tariff_7112</title>
        </tariff>
        <id>100</id>
    </item>
    <item>
        <telephoneNumber>+375929087960</telephoneNumber>
        <balance>22.92</balance>
        <tariff>
            <id>2</id>
            <title>tariff_3961</title>
        </tariff>
        <id>101</id>
    </item>
    <item>
        <telephoneNumber>+375988547379</telephoneNumber>
        <balance>76.27</balance>
        <tariff>
            <id>13</id>
            <title>tariff_5642</title>
        </tariff>
        <id>102</id>
    </item>
    <item>
        <telephoneNumber>+375105222054</telephoneNumber>
        <balance>1.66</balance>
        <tariff>
            <id>16</id>
            <title>tariff_3456</title>
        </tariff>
        <id>103</id>
    </item>
    <item>
        <telephoneNumber>+375585951066</telephoneNumber>
        <balance>52.91</balance>
        <tariff>
            <id>5</id>
            <title>tariff_4165</title>
        </tariff>
        <id>104</id>
    </item>
    <item>
        <telephoneNumber>+375914833913</telephoneNumber>
        <balance>48.08</balance>
        <tariff>
            <id>16</id>
            <title>tariff_3456</title>
        </tariff>
        <id>105</id>
    </item>
    <item>
        <telephoneNumber>+375297919729</telephoneNumber>
        <balance>9.32</balance>
        <tariff>
            <id>16</id>
            <title>tariff_3456</title>
        </tariff>
        <id>106</id>
    </item>
    <item>
        <telephoneNumber>+375516464577</telephoneNumber>
        <balance>31.25</balance>
        <tariff>
            <id>13</id>
            <title>tariff_5642</title>
        </tariff>
        <id>107</id>
    </item>
    <item>
        <telephoneNumber>+375461372322</telephoneNumber>
        <balance>44.02</balance>
        <tariff>
            <id>12</id>
            <title>tariff_6251</title>
        </tariff>
        <id>108</id>
    </item>
    <item>
        <telephoneNumber>+375932501926</telephoneNumber>
        <balance>86.26</balance>
        <tariff>
            <id>1</id>
            <title>tariff_8669</title>
        </tariff>
        <id>109</id>
    </item>
    <item>
        <telephoneNumber>+375629923712</telephoneNumber>
        <balance>85.07</balance>
        <tariff>
            <id>2</id>
            <title>tariff_3961</title>
        </tariff>
        <id>110</id>
    </item>
    <item>
        <telephoneNumber>+37586931996</telephoneNumber>
        <balance>88.82</balance>
        <tariff>
            <id>13</id>
            <title>tariff_5642</title>
        </tariff>
        <id>111</id>
    </item>
    <item>
        <telephoneNumber>+375781709149</telephoneNumber>
        <balance>45.03</balance>
        <tariff>
            <id>14</id>
            <title>tariff_9458</title>
        </tariff>
        <id>112</id>
    </item>
    <item>
        <telephoneNumber>+375487650234</telephoneNumber>
        <balance>21.19</balance>
        <tariff>
            <id>12</id>
            <title>tariff_6251</title>
        </tariff>
        <id>113</id>
    </item>
    <item>
        <telephoneNumber>+375266048028</telephoneNumber>
        <balance>79.40</balance>
        <tariff>
            <id>10</id>
            <title>tariff_4367</title>
        </tariff>
        <id>114</id>
    </item>
    <item>
        <telephoneNumber>+375358666256</telephoneNumber>
        <balance>71.60</balance>
        <tariff>
            <id>2</id>
            <title>tariff_3961</title>
        </tariff>
        <id>115</id>
    </item>
    <item>
        <telephoneNumber>+375273364222</telephoneNumber>
        <balance>0.03</balance>
        <tariff>
            <id>2</id>
            <title>tariff_3961</title>
        </tariff>
        <id>116</id>
    </item>
    <item>
        <telephoneNumber>+375584341061</telephoneNumber>
        <balance>38.67</balance>
        <tariff>
            <id>13</id>
            <title>tariff_5642</title>
        </tariff>
        <id>117</id>
    </item>
    <item>
        <telephoneNumber>+375736617745</telephoneNumber>
        <balance>26.39</balance>
        <tariff>
            <id>4</id>
            <title>tariff_7112</title>
        </tariff>
        <id>118</id>
    </item>
    <item>
        <telephoneNumber>+37542457441</telephoneNumber>
        <balance>20.54</balance>
        <tariff>
            <id>6</id>
            <title>tariff_9490</title>
        </tariff>
        <id>119</id>
    </item>
    <item>
        <telephoneNumber>+375416097665</telephoneNumber>
        <balance>17.55</balance>
        <tariff>
            <id>5</id>
            <title>tariff_4165</title>
        </tariff>
        <id>120</id>
    </item>
</List>